<?xml version="1.0" encoding="UTF-8"?>
<coverage generated="1601424624710" clover="3.2.0">
  <project timestamp="1601424624710" name="All files">
    <metrics statements="4" coveredstatements="4" conditionals="3" coveredconditionals="2" methods="2" coveredmethods="2" elements="9" coveredelements="8" complexity="0" loc="4" ncloc="4" packages="1" files="1" classes="1"/>
    <file name="restaurantModel.js" path="/Volumes/GoogleDrive/My Drive/Diagram/restaurantModel.js">
      <metrics statements="4" coveredstatements="4" conditionals="3" coveredconditionals="2" methods="2" coveredmethods="2"/>
      <line num="3" count="2" type="cond" truecount="2" falsecount="0"/>
      <line num="4" count="1" type="stmt"/>
      <line num="10" count="1" type="stmt"/>
      <line num="14" count="1" type="stmt"/>
    </file>
  </project>
</coverage>
