{"/Volumes/GoogleDrive/My Drive/Diagram/restaurantModel.js": {"path":"/Volumes/GoogleDrive/My Drive/Diagram/restaurantModel.js","statementMap":{"0":{"start":{"line":3,"column":8},"end":{"line":3,"column":64}},"1":{"start":{"line":3,"column":18},"end":{"line":3,"column":64}},"2":{"start":{"line":4,"column":8},"end":{"line":4,"column":24}},"3":{"start":{"line":10,"column":8},"end":{"line":10,"column":24}},"4":{"start":{"line":14,"column":0},"end":{"line":17,"column":1}}},"fnMap":{"0":{"name":"(anonymous_0)","decl":{"start":{"line":2,"column":4},"end":{"line":2,"column":5}},"loc":{"start":{"line":2,"column":24},"end":{"line":5,"column":5}},"line":2},"1":{"name":"(anonymous_1)","decl":{"start":{"line":9,"column":4},"end":{"line":9,"column":5}},"loc":{"start":{"line":9,"column":38},"end":{"line":11,"column":5}},"line":9}},"branchMap":{"0":{"loc":{"start":{"line":3,"column":8},"end":{"line":3,"column":64}},"type":"if","locations":[{"start":{"line":3,"column":8},"end":{"line":3,"column":64}},{"start":{"line":3,"column":8},"end":{"line":3,"column":64}}],"line":3},"1":{"loc":{"start":{"line":9,"column":17},"end":{"line":9,"column":36}},"type":"default-arg","locations":[{"start":{"line":9,"column":24},"end":{"line":9,"column":36}}],"line":9}},"s":{"0":2,"1":1,"2":1,"3":1,"4":1},"f":{"0":2,"1":1},"b":{"0":[1,1],"1":[0]},"_coverageSchema":"1a1c01bbd47fc00a2c39e90264f33305004495a9","hash":"04c146ecd5cb27ddd203584b33b8ea0c41d5dbc5"}
}
